<?xml version="1.0" encoding="UTF-8"?>
<!-- Generated by org.testng.reporters.JUnitReportReporter -->
<testsuite hostname="Nostras-MacBook-Pro.local" failures="0" tests="4" name="com.jakartalabsassignment.diandra_irdianti.BuilderAPITest" time="43.640" errors="0" timestamp="2021-04-10T23:39:24 WIB" skipped="0">
  <testcase classname="com.jakartalabsassignment.diandra_irdianti.BuilderAPITest" name="signUpAPI" time="11.545"/>
  <system-out/>
  <testcase classname="com.jakartalabsassignment.diandra_irdianti.BuilderAPITest" name="setCurrencyAPI" time="28.873"/>
  <system-out/>
  <testcase classname="com.jakartalabsassignment.diandra_irdianti.BuilderAPITest" name="profileAPI" time="1.691"/>
  <system-out/>
  <testcase classname="com.jakartalabsassignment.diandra_irdianti.BuilderAPITest" name="signOutAPI" time="1.531"/>
  <system-out/>
</testsuite> <!-- com.jakartalabsassignment.diandra_irdianti.BuilderAPITest -->
